#
# There is insufficient memory for the Java Runtime Environment to continue.
# Native memory allocation (mmap) failed to map 266338304 bytes for Failed to commit area from 0x0000000702800000 to 0x0000000712600000 of length 266338304.
# Possible reasons:
#   The system is out of physical RAM or swap space
#   The process is running with CompressedOops enabled, and the Java Heap may be blocking the growth of the native heap
# Possible solutions:
#   Reduce memory load on the system
#   Increase physical memory or swap space
#   Check if swap backing store is full
#   Decrease Java heap size (-Xmx/-Xms)
#   Decrease number of Java threads
#   Decrease Java thread stack sizes (-Xss)
#   Set larger code cache with -XX:ReservedCodeCacheSize=
# This output file may be truncated or incomplete.
#
#  Out of Memory Error (./src/hotspot/os/windows/os_windows.cpp:3386), pid=24044, tid=29864
#
# JRE version:  (11.0.16.1+1) (build )
# Java VM: OpenJDK 64-Bit Server VM (11.0.16.1+1-LTS, mixed mode, sharing, tiered, compressed oops, g1 gc, windows-amd64)
# No core dump will be written. Minidumps are not enabled by default on client versions of Windows
#

---------------  S U M M A R Y ------------

Command Line: 

Host: Intel(R) Core(TM) i5-10300H CPU @ 2.50GHz, 8 cores, 15G,  Windows 11 , 64 bit Build 22621 (10.0.22621.2428)
Time: Wed Nov  8 19:40:09 2023 Hora estándar romance elapsed time: 0.017654 seconds (0d 0h 0m 0s)

---------------  T H R E A D  ---------------

Current thread (0x0000013effa67800):  JavaThread "Unknown thread" [_thread_in_vm, id=29864, stack(0x0000000b4fd00000,0x0000000b4fe00000)]

Stack: [0x0000000b4fd00000,0x0000000b4fe00000]
Native frames: (J=compiled Java code, j=interpreted, Vv=VM code, C=native code)
V  [jvm.dll+0x62652a]
V  [jvm.dll+0x7b3249]
V  [jvm.dll+0x7b4938]
V  [jvm.dll+0x7b5013]
V  [jvm.dll+0x24fca8]
V  [jvm.dll+0x62383a]
V  [jvm.dll+0x617fe5]
V  [jvm.dll+0x307bac]
V  [jvm.dll+0x307a32]
V  [jvm.dll+0x30c746]
V  [jvm.dll+0x352b9f]
V  [jvm.dll+0x3525d0]
V  [jvm.dll+0x2e4ba8]
V  [jvm.dll+0x2e5d06]
V  [jvm.dll+0x78d097]
V  [jvm.dll+0x78e81f]
V  [jvm.dll+0x35f8e9]
V  [jvm.dll+0x770000]
V  [jvm.dll+0x3cd40f]
V  [jvm.dll+0x3cf7a1]
C  [jli.dll+0x5207]
C  [ucrtbase.dll+0x29363]
C  [KERNEL32.DLL+0x1257d]
C  [ntdll.dll+0x5aa78]


---------------  P R O C E S S  ---------------

Threads class SMR info:
_java_thread_list=0x0000013efe0e53e0, length=0, elements={
}

Java Threads: ( => current thread )

Other Threads:
  0x0000013effa7e000 GCTaskThread "GC Thread#0" [stack: 0x0000000b4fe00000,0x0000000b4ff00000] [id=30664]
  0x0000013effadc800 ConcurrentGCThread "G1 Main Marker" [stack: 0x0000000b4ff00000,0x0000000b50000000] [id=31924]
  0x0000013effadf000 ConcurrentGCThread "G1 Conc#0" [stack: 0x0000000000000000,0x0000000000000000] [id=28324]

[error occurred during error reporting (printing all threads), id 0xc0000005, EXCEPTION_ACCESS_VIOLATION (0xc0000005) at pc=0x00007ffa4b974377]

VM state:not at safepoint (not fully initialized)

VM Mutex/Monitor currently owned by a thread:  ([mutex/lock_event])
[0x0000013effa63290] Heap_lock - owner thread: 0x0000013effa67800

Heap address: 0x0000000702800000, size: 4056 MB, Compressed Oops mode: Non-zero based: 0x0000000702800000
Narrow klass base: 0x0000000000000000, Narrow klass shift: 0

GC Heap History (0 events):
No events

Deoptimization events (0 events):
No events

Classes redefined (0 events):
No events

Internal exceptions (0 events):
No events

Events (1 events):
Event: 0.012 Loaded shared library C:\Program Files\Microsoft\jdk-11.0.16.101-hotspot\bin\zip.dll


Dynamic libraries:
0x00007ff6180e0000 - 0x00007ff6180ed000 	C:\Program Files\Microsoft\jdk-11.0.16.101-hotspot\bin\java.exe
0x00007ffb77270000 - 0x00007ffb77487000 	C:\WINDOWS\SYSTEM32\ntdll.dll
0x00007ffb76dc0000 - 0x00007ffb76e84000 	C:\WINDOWS\System32\KERNEL32.DLL
0x00007ffb74690000 - 0x00007ffb74a36000 	C:\WINDOWS\System32\KERNELBASE.dll
0x00007ffb74a40000 - 0x00007ffb74b51000 	C:\WINDOWS\System32\ucrtbase.dll
0x00007ffb43cb0000 - 0x00007ffb43cc7000 	C:\Program Files\Microsoft\jdk-11.0.16.101-hotspot\bin\jli.dll
0x00007ffb76180000 - 0x00007ffb7632d000 	C:\WINDOWS\System32\USER32.dll
0x00007ffb74c80000 - 0x00007ffb74ca6000 	C:\WINDOWS\System32\win32u.dll
0x00007ffb760f0000 - 0x00007ffb76119000 	C:\WINDOWS\System32\GDI32.dll
0x00007ffb74b60000 - 0x00007ffb74c78000 	C:\WINDOWS\System32\gdi32full.dll
0x00007ffb745f0000 - 0x00007ffb7468a000 	C:\WINDOWS\System32\msvcp_win.dll
0x00007ffb25ae0000 - 0x00007ffb25af5000 	C:\Program Files\Microsoft\jdk-11.0.16.101-hotspot\bin\VCRUNTIME140.dll
0x00007ffb5bab0000 - 0x00007ffb5bd43000 	C:\WINDOWS\WinSxS\amd64_microsoft.windows.common-controls_6595b64144ccf1df_6.0.22621.2361_none_2712ced57382f843\COMCTL32.dll
0x00007ffb76a40000 - 0x00007ffb76ae7000 	C:\WINDOWS\System32\msvcrt.dll
0x00007ffb75b90000 - 0x00007ffb75bc1000 	C:\WINDOWS\System32\IMM32.DLL
0x00007ffade9e0000 - 0x00007ffadea7b000 	C:\Program Files\Microsoft\jdk-11.0.16.101-hotspot\bin\msvcp140.dll
0x00007ffa4b680000 - 0x00007ffa4c20a000 	C:\Program Files\Microsoft\jdk-11.0.16.101-hotspot\bin\server\jvm.dll
0x00007ffb74ff0000 - 0x00007ffb750a0000 	C:\WINDOWS\System32\ADVAPI32.dll
0x00007ffb76af0000 - 0x00007ffb76b96000 	C:\WINDOWS\System32\sechost.dll
0x00007ffb76920000 - 0x00007ffb76a37000 	C:\WINDOWS\System32\RPCRT4.dll
0x00007ffb75f60000 - 0x00007ffb75f68000 	C:\WINDOWS\System32\PSAPI.DLL
0x00007ffb5c090000 - 0x00007ffb5c099000 	C:\WINDOWS\SYSTEM32\WSOCK32.dll
0x00007ffb759c0000 - 0x00007ffb75a31000 	C:\WINDOWS\System32\WS2_32.dll
0x00007ffb6c3e0000 - 0x00007ffb6c414000 	C:\WINDOWS\SYSTEM32\WINMM.dll
0x00007ffb6b2e0000 - 0x00007ffb6b2ea000 	C:\WINDOWS\SYSTEM32\VERSION.dll
0x00007ffb73680000 - 0x00007ffb73698000 	C:\WINDOWS\SYSTEM32\kernel.appcore.dll
0x00007ffb52570000 - 0x00007ffb52580000 	C:\Program Files\Microsoft\jdk-11.0.16.101-hotspot\bin\verify.dll
0x00007ffb718e0000 - 0x00007ffb71b0e000 	C:\WINDOWS\SYSTEM32\DBGHELP.DLL
0x00007ffb75bd0000 - 0x00007ffb75f5a000 	C:\WINDOWS\System32\combase.dll
0x00007ffb76fa0000 - 0x00007ffb77077000 	C:\WINDOWS\System32\OLEAUT32.dll
0x00007ffb54080000 - 0x00007ffb540b2000 	C:\WINDOWS\SYSTEM32\dbgcore.DLL
0x00007ffb74f50000 - 0x00007ffb74fca000 	C:\WINDOWS\System32\bcryptPrimitives.dll
0x00007ffb0a6b0000 - 0x00007ffb0a6d8000 	C:\Program Files\Microsoft\jdk-11.0.16.101-hotspot\bin\java.dll
0x00007ffb4dd20000 - 0x00007ffb4dd2a000 	C:\Program Files\Microsoft\jdk-11.0.16.101-hotspot\bin\jimage.dll
0x00007ffb18780000 - 0x00007ffb18798000 	C:\Program Files\Microsoft\jdk-11.0.16.101-hotspot\bin\zip.dll

dbghelp: loaded successfully - version: 4.0.5 - missing functions: none
symbol engine: initialized successfully - sym options: 0x614 - pdb path: .;C:\Program Files\Microsoft\jdk-11.0.16.101-hotspot\bin;C:\WINDOWS\SYSTEM32;C:\WINDOWS\WinSxS\amd64_microsoft.windows.common-controls_6595b64144ccf1df_6.0.22621.2361_none_2712ced57382f843;C:\Program Files\Microsoft\jdk-11.0.16.101-hotspot\bin\server

VM Arguments:
java_command: <unknown>
java_class_path (initial): <not set>
Launcher Type: SUN_STANDARD

[Global flags]
     intx CICompilerCount                          = 4                                         {product} {ergonomic}
     uint ConcGCThreads                            = 2                                         {product} {ergonomic}
     uint G1ConcRefinementThreads                  = 8                                         {product} {ergonomic}
   size_t G1HeapRegionSize                         = 1048576                                   {product} {ergonomic}
    uintx GCDrainStackTargetSize                   = 64                                        {product} {ergonomic}
   size_t InitialHeapSize                          = 266338304                                 {product} {ergonomic}
   size_t MarkStackSize                            = 4194304                                   {product} {ergonomic}
   size_t MaxHeapSize                              = 4253024256                                {product} {ergonomic}
   size_t MinHeapDeltaBytes                        = 1048576                                   {product} {ergonomic}
    uintx NonNMethodCodeHeapSize                   = 5836300                                {pd product} {ergonomic}
    uintx NonProfiledCodeHeapSize                  = 122910970                              {pd product} {ergonomic}
    uintx ProfiledCodeHeapSize                     = 122910970                              {pd product} {ergonomic}
    uintx ReservedCodeCacheSize                    = 251658240                              {pd product} {ergonomic}
     bool SegmentedCodeCache                       = true                                      {product} {ergonomic}
     bool UseCompressedClassPointers               = true                                 {lp64_product} {ergonomic}
     bool UseCompressedOops                        = true                                 {lp64_product} {ergonomic}
     bool UseG1GC                                  = true                                      {product} {ergonomic}
     bool UseLargePagesIndividualAllocation        = false                                  {pd product} {ergonomic}

Logging:
Log output configuration:
 #0: stdout all=warning uptime,level,tags
 #1: stderr all=off uptime,level,tags

Environment Variables:
JAVA_HOME=C:\Program Files\Microsoft\jdk-11.0.16.101-hotspot
PATH=C:\Program Files\Microsoft\jdk-11.0.16.101-hotspot\bin;C:\Program Files (x86)\Common Files\Oracle\Java\javapath;C:\ProgramData\Oracle\Java\javapath;C:\WINDOWS\system32;C:\WINDOWS;C:\WINDOWS\System32\Wbem;C:\WINDOWS\System32\WindowsPowerShell\v1.0\;C:\WINDOWS\System32\OpenSSH\;C:\Program Files\Git\cmd;C:\Program Files (x86)\Microsoft SQL Server\160\Tools\Binn\;C:\Program Files\Microsoft SQL Server\160\Tools\Binn\;C:\Program Files\Microsoft SQL Server\Client SDK\ODBC\170\Tools\Binn\;C:\Program Files\Microsoft SQL Server\160\DTS\Binn\;C:\Program Files (x86)\Microsoft SQL Server\160\DTS\Binn\;C:\Program Files\Azure Data Studio\bin;C:\Program Files\Microsoft SQL Server\150\Tools\Binn\;C:\Program Files\dotnet\;C:\Users\isaac\AppData\Local\Programs\Eclipse Adoptium\jdk-17.0.4.101-hotspot\bin;C:\Users\isaac\AppData\Local\Microsoft\WindowsApps;C:\Users\isaac\AppData\Local\JetBrains\Toolbox\scripts;C:\Users\isaac\AppData\Local\Programs\Microsoft VS Code\bin;C:\Program Files\Azure Data Studio\bin;C:\Users\isaac\AppData\Local\Microsoft\WindowsApps;C:\Users\isaac\AppData\Local\GitHubDesktop\bin;C:\Users\isaac\.dotnet\tools
USERNAME=isaac
OS=Windows_NT
PROCESSOR_IDENTIFIER=Intel64 Family 6 Model 165 Stepping 2, GenuineIntel
TMP=C:\Users\isaac\AppData\Local\Temp
TEMP=C:\Users\isaac\AppData\Local\Temp



---------------  S Y S T E M  ---------------

OS: Windows 11 , 64 bit Build 22621 (10.0.22621.2428)
OS uptime: 21 days 0:32 hours
Hyper-V role detected

CPU:total 8 (initial active 8) (4 cores per cpu, 2 threads per core) family 6 model 165 stepping 2 microcode 0xe0, cmov, cx8, fxsr, mmx, sse, sse2, sse3, ssse3, sse4.1, sse4.2, popcnt, avx, avx2, aes, clmul, erms, 3dnowpref, lzcnt, ht, tsc, tscinvbit, bmi1, bmi2, adx, fma

Memory: 4k page, system-wide physical 16221M (2815M free)
TotalPageFile size 23088M (AvailPageFile size 125M)
current process WorkingSet (physical memory assigned to process): 10M, peak: 10M
current process commit charge ("private bytes"): 60M, peak: 314M

vm_info: OpenJDK 64-Bit Server VM (11.0.16.1+1-LTS) for windows-amd64 JRE (11.0.16.1+1-LTS), built on Aug 20 2022 20:09:04 by "" with MS VC++ 15.9 (VS2017)

END.
